2023-04-20 18:25:52,286 INFO NumExpr defaulting to 2 threads.
2023-04-20 18:51:15,281 INFO Arquivo será baixado: tabela 1612 da base de dados do IBGE
2023-04-20 18:51:15,282 INFO tentando: 2688
2023-04-20 18:53:31,869 INFO concluido: 2688
2023-04-20 18:53:31,870 INFO tentando: 2691
2023-04-20 18:55:39,837 INFO concluido: 2691
2023-04-20 18:55:39,838 INFO tentando: 2692
2023-04-20 18:56:38,870 INFO concluido: 2692
2023-04-20 18:56:38,870 INFO tentando: 2694
2023-04-20 18:58:00,286 INFO concluido: 2694
2023-04-20 18:58:00,286 INFO tentando: 2696
2023-04-20 18:59:10,871 INFO concluido: 2696
2023-04-20 18:59:10,871 INFO tentando: 2697
2023-04-20 19:00:37,911 INFO concluido: 2697
2023-04-20 19:00:37,912 INFO tentando: 2702
2023-04-20 19:02:02,169 INFO concluido: 2702
2023-04-20 19:02:02,170 INFO tentando: 2703
2023-04-20 19:03:27,296 INFO concluido: 2703
2023-04-20 19:03:27,296 INFO tentando: 2706
2023-04-20 19:04:27,138 INFO concluido: 2706
2023-04-20 19:04:27,138 INFO tentando: 2706
2023-04-20 19:05:41,371 INFO concluido: 2706
2023-04-20 19:05:41,371 INFO tentando: 2709
2023-04-20 19:07:20,618 INFO concluido: 2709
2023-04-20 19:07:20,619 INFO tentando: 2711
2023-04-20 19:08:43,913 INFO concluido: 2711
2023-04-20 19:08:43,914 INFO tentando: 2713
2023-04-20 19:09:57,552 INFO concluido: 2713
2023-04-20 19:09:57,553 INFO tentando: 2714
2023-04-20 19:11:39,344 INFO concluido: 2714
2023-04-20 19:11:39,344 INFO tentando: 2715
2023-04-20 19:12:42,849 INFO concluido: 2715
2023-04-20 19:12:45,679 INFO Arquivo será baixado: tabela 291 da base de dados do IBGE
2023-04-20 19:12:45,732 INFO tentando: 33247
2023-04-20 19:12:55,079 INFO concluido: 33247
2023-04-20 19:12:55,080 INFO tentando: 33250
2023-04-20 19:13:00,827 INFO concluido: 33250
2023-04-20 19:13:00,827 INFO tentando: 33253
2023-04-20 19:13:07,974 INFO concluido: 33253
2023-04-20 19:13:07,974 INFO tentando: 33256
2023-04-20 19:13:14,382 INFO concluido: 33256
2023-04-20 19:13:14,383 INFO tentando: 33258
2023-04-20 19:13:19,771 INFO concluido: 33258
2023-04-20 19:13:20,177 INFO Arquivo será baixado: tabela 3939 da base de dados do IBGE
2023-04-20 19:13:20,178 INFO tentando: 2670
2023-04-20 19:14:11,551 ERROR falha: https://apisidra.ibge.gov.br/values/t/3939/n6/in%20n3%2015/p/all/v/105/c79/2670/h/n
2023-04-20 19:14:11,552 INFO tentando: 2675
2023-04-20 19:27:43,783 INFO NumExpr defaulting to 2 threads.
2023-04-20 19:29:06,748 INFO Arquivo será baixado: tabela 1612 da base de dados do IBGE
2023-04-20 19:29:06,749 INFO tentando: 2688
2023-04-20 19:30:21,139 INFO concluido: 2688
2023-04-20 19:30:21,140 INFO tentando: 2691
2023-04-20 19:32:23,640 INFO concluido: 2691
2023-04-20 19:32:23,641 INFO tentando: 2692
2023-04-20 19:33:14,298 INFO concluido: 2692
2023-04-20 19:33:14,299 INFO tentando: 2694
2023-04-20 19:34:27,442 INFO concluido: 2694
2023-04-20 19:34:27,442 INFO tentando: 2696
2023-04-20 19:35:27,769 INFO concluido: 2696
2023-04-20 19:35:27,770 INFO tentando: 2697
2023-04-20 19:36:46,514 INFO concluido: 2697
2023-04-20 19:36:46,515 INFO tentando: 2702
2023-04-20 19:37:40,479 INFO concluido: 2702
2023-04-20 19:37:40,479 INFO tentando: 2703
2023-04-20 19:38:40,767 INFO concluido: 2703
2023-04-20 19:38:40,768 INFO tentando: 2706
2023-04-20 19:39:49,684 INFO concluido: 2706
2023-04-20 19:39:49,684 INFO tentando: 2706
2023-04-20 19:41:46,237 INFO concluido: 2706
2023-04-20 19:41:46,238 INFO tentando: 2709
2023-04-20 19:43:07,334 INFO concluido: 2709
2023-04-20 19:43:07,335 INFO tentando: 2711
2023-04-20 19:44:02,217 INFO concluido: 2711
2023-04-20 19:44:02,218 INFO tentando: 2713
2023-04-20 19:45:16,626 INFO concluido: 2713
2023-04-20 19:45:16,627 INFO tentando: 2714
2023-04-20 19:46:45,170 INFO concluido: 2714
2023-04-20 19:46:45,171 INFO tentando: 2715
2023-04-20 19:48:16,555 INFO concluido: 2715
2023-04-20 19:48:20,192 INFO Arquivo será baixado: tabela 291 da base de dados do IBGE
2023-04-20 19:48:20,231 INFO tentando: 33247
2023-04-20 19:48:30,720 INFO concluido: 33247
2023-04-20 19:48:30,721 INFO tentando: 33250
2023-04-20 19:48:37,331 INFO concluido: 33250
2023-04-20 19:48:37,332 INFO tentando: 33253
2023-04-20 19:48:45,028 INFO concluido: 33253
2023-04-20 19:48:45,029 INFO tentando: 33256
2023-04-20 19:48:52,163 INFO concluido: 33256
2023-04-20 19:48:52,164 INFO tentando: 33258
2023-04-20 19:49:00,053 INFO concluido: 33258
2023-04-20 19:49:00,517 INFO Arquivo será baixado: tabela 3939 da base de dados do IBGE
2023-04-20 19:49:00,518 INFO tentando: 2670
2023-04-20 19:49:38,785 INFO concluido: 2670
2023-04-20 19:49:38,785 INFO tentando: 2675
2023-04-20 19:50:08,461 INFO concluido: 2675
2023-04-20 19:50:08,461 INFO tentando: 2672
2023-04-20 19:50:22,872 INFO concluido: 2672
2023-04-20 19:50:22,872 INFO tentando: 2681
2023-04-20 19:50:53,810 INFO concluido: 2681
2023-04-20 19:50:53,810 INFO tentando: 2677
2023-04-20 19:51:12,426 INFO concluido: 2677
2023-04-20 19:51:12,687 INFO Arquivo será baixado: tabela 1613 da base de dados do IBGE
2023-04-20 19:51:12,690 INFO tentando: 45981
2023-04-20 19:53:14,974 INFO concluido: 45981
2023-04-20 19:53:14,975 INFO tentando: 2720
2023-04-20 19:54:20,455 INFO concluido: 2720
2023-04-20 19:54:20,455 INFO tentando: 2721
2023-04-20 19:55:34,651 INFO concluido: 2721
2023-04-20 19:55:34,652 INFO tentando: 2722
2023-04-20 19:56:25,211 INFO concluido: 2722
2023-04-20 19:56:25,211 INFO tentando: 2723
2023-04-20 19:57:59,766 INFO concluido: 2723
2023-04-20 19:57:59,766 INFO tentando: 31619
2023-04-20 19:59:11,737 INFO concluido: 31619
2023-04-20 19:59:11,737 INFO tentando: 2725
2023-04-20 19:59:40,938 INFO concluido: 2725
2023-04-20 19:59:40,939 INFO tentando: 2727
2023-04-20 20:00:32,122 INFO concluido: 2727
2023-04-20 20:00:32,122 INFO tentando: 2731
2023-04-20 20:01:19,503 INFO concluido: 2731
2023-04-20 20:01:19,504 INFO tentando: 2733
2023-04-20 20:02:11,316 INFO concluido: 2733
2023-04-20 20:02:11,317 INFO tentando: 2734
2023-04-20 20:03:22,254 INFO concluido: 2734
2023-04-20 20:03:22,255 INFO tentando: 2736
2023-04-20 20:03:56,376 INFO concluido: 2736
2023-04-20 20:03:56,377 INFO tentando: 2738
2023-04-20 20:04:43,628 INFO concluido: 2738
2023-04-20 20:04:43,628 INFO tentando: 90001
2023-04-20 20:05:56,023 INFO concluido: 90001
2023-04-20 20:05:56,024 INFO tentando: 2743
2023-04-20 20:06:58,362 INFO concluido: 2743
2023-04-20 20:06:58,362 INFO tentando: 2745
2023-04-20 20:07:51,562 INFO concluido: 2745
2023-04-20 20:07:51,562 INFO tentando: 2747
2023-04-20 20:09:11,026 INFO concluido: 2747
2023-04-20 20:47:01,114 INFO NumExpr defaulting to 2 threads.
2023-04-20 20:48:22,078 INFO Arquivo será baixado: tabela 1612 da base de dados do IBGE
2023-04-20 20:48:22,078 INFO tentando: 2688
2023-04-20 20:49:35,050 INFO concluido: 2688
2023-04-20 20:49:35,051 INFO tentando: 2691
2023-04-20 20:50:59,935 INFO concluido: 2691
2023-04-20 20:50:59,936 INFO tentando: 2692
2023-04-20 20:52:05,772 INFO concluido: 2692
2023-04-20 20:52:05,773 INFO tentando: 2694
2023-04-20 20:53:02,726 INFO concluido: 2694
2023-04-20 20:53:02,726 INFO tentando: 2696
2023-04-20 20:53:50,266 INFO concluido: 2696
2023-04-20 20:53:50,275 INFO tentando: 2697
2023-04-20 20:54:24,212 INFO concluido: 2697
2023-04-20 20:54:24,212 INFO tentando: 2702
2023-04-20 20:54:56,127 INFO concluido: 2702
2023-04-20 20:54:56,129 INFO tentando: 2703
2023-04-20 20:55:47,153 INFO concluido: 2703
2023-04-20 20:55:47,155 INFO tentando: 2706
2023-04-20 20:56:15,797 INFO concluido: 2706
2023-04-20 20:56:15,799 INFO tentando: 2706
2023-04-20 20:57:03,596 INFO concluido: 2706
2023-04-20 20:57:03,597 INFO tentando: 2709
2023-04-20 20:57:28,843 INFO concluido: 2709
2023-04-20 20:57:28,844 INFO tentando: 2711
2023-04-20 20:58:02,151 INFO concluido: 2711
2023-04-20 20:58:02,152 INFO tentando: 2713
2023-04-20 20:59:01,441 INFO concluido: 2713
2023-04-20 20:59:01,442 INFO tentando: 2714
2023-04-20 20:59:39,971 INFO concluido: 2714
2023-04-20 20:59:39,972 INFO tentando: 2715
2023-04-20 21:00:29,774 INFO concluido: 2715
2023-04-20 21:00:32,538 INFO Arquivo será baixado: tabela 291 da base de dados do IBGE
2023-04-20 21:00:32,595 INFO tentando: 33247
2023-04-20 21:00:38,059 INFO concluido: 33247
2023-04-20 21:00:38,060 INFO tentando: 33250
2023-04-20 21:00:44,458 INFO concluido: 33250
2023-04-20 21:00:44,459 INFO tentando: 33253
2023-04-20 21:00:49,815 INFO concluido: 33253
2023-04-20 21:00:49,816 INFO tentando: 33256
2023-04-20 21:00:56,829 INFO concluido: 33256
2023-04-20 21:00:56,831 INFO tentando: 33258
2023-04-20 21:01:01,972 INFO concluido: 33258
2023-04-20 21:01:02,137 INFO Arquivo será baixado: tabela 3939 da base de dados do IBGE
2023-04-20 21:01:02,139 INFO tentando: 2670
2023-04-20 21:01:20,030 INFO concluido: 2670
2023-04-20 21:01:20,031 INFO tentando: 2675
2023-04-20 21:01:38,222 INFO concluido: 2675
2023-04-20 21:01:38,223 INFO tentando: 2672
2023-04-20 21:01:52,235 INFO concluido: 2672
2023-04-20 21:01:52,236 INFO tentando: 2681
2023-04-20 21:02:06,654 INFO concluido: 2681
2023-04-20 21:02:06,655 INFO tentando: 2677
2023-04-20 21:02:25,466 INFO concluido: 2677
2023-04-20 21:02:25,738 INFO Arquivo será baixado: tabela 1613 da base de dados do IBGE
2023-04-20 21:02:25,743 INFO tentando: 45981
2023-04-20 21:03:12,955 INFO concluido: 45981
2023-04-20 21:03:12,957 INFO tentando: 2720
2023-04-20 21:04:24,257 INFO concluido: 2720
2023-04-20 21:04:24,259 INFO tentando: 2721
2023-04-20 21:04:58,570 INFO concluido: 2721
2023-04-20 21:04:58,571 INFO tentando: 2722
2023-04-20 21:05:50,367 INFO concluido: 2722
2023-04-20 21:05:50,368 INFO tentando: 2723
2023-04-20 21:06:22,476 INFO concluido: 2723
2023-04-20 21:06:22,478 INFO tentando: 31619
2023-04-20 21:07:08,946 INFO concluido: 31619
2023-04-20 21:07:08,947 INFO tentando: 2725
2023-04-20 21:08:01,355 INFO concluido: 2725
2023-04-20 21:08:01,356 INFO tentando: 2727
2023-04-20 21:08:59,400 INFO concluido: 2727
2023-04-20 21:08:59,401 INFO tentando: 2731
2023-04-20 21:10:05,532 INFO concluido: 2731
2023-04-20 21:10:05,533 INFO tentando: 2733
2023-04-20 21:10:43,488 INFO concluido: 2733
2023-04-20 21:10:43,488 INFO tentando: 2734
2023-04-20 21:11:27,362 INFO concluido: 2734
2023-04-20 21:11:27,363 INFO tentando: 2736
2023-04-20 21:12:12,976 INFO concluido: 2736
2023-04-20 21:12:12,977 INFO tentando: 2738
2023-04-20 21:13:01,597 INFO concluido: 2738
2023-04-20 21:13:01,597 INFO tentando: 90001
2023-04-20 21:13:25,543 INFO concluido: 90001
2023-04-20 21:13:25,545 INFO tentando: 2743
2023-04-20 21:14:16,882 INFO concluido: 2743
2023-04-20 21:14:16,884 INFO tentando: 2745
2023-04-20 21:15:08,323 INFO concluido: 2745
2023-04-20 21:15:08,325 INFO tentando: 2747
2023-04-20 21:15:49,178 INFO concluido: 2747
2023-04-20 21:18:28,415 INFO Arquivo será baixado: tabela 1612 da base de dados do IBGE
2023-04-20 21:18:28,416 INFO tentando: 2688
2023-04-20 21:18:52,229 ERROR falha: https://apisidra.ibge.gov.br/values/t/1612/n6/in%20n3%2015/p/all/v/214,109,216/c81/2688/h/n
2023-04-20 21:18:52,230 INFO tentando: 2691
2023-04-20 21:19:02,172 INFO NumExpr defaulting to 2 threads.
2023-04-20 21:20:25,654 INFO Arquivo será baixado: tabela 1612 da base de dados do IBGE
2023-04-20 21:20:25,656 INFO tentando: 2688
2023-04-20 21:21:00,965 INFO concluido: 2688
2023-04-20 21:21:00,966 INFO tentando: 2691
2023-04-20 21:21:49,381 INFO concluido: 2691
2023-04-20 21:21:49,382 INFO tentando: 2692
2023-04-20 21:22:49,699 INFO concluido: 2692
2023-04-20 21:22:49,701 INFO tentando: 2694
2023-04-20 21:23:53,415 INFO concluido: 2694
2023-04-20 21:23:53,416 INFO tentando: 2696
2023-04-20 21:25:31,292 INFO concluido: 2696
2023-04-20 21:25:31,294 INFO tentando: 2697
2023-04-20 21:26:20,317 INFO concluido: 2697
2023-04-20 21:26:20,318 INFO tentando: 2702
2023-04-20 21:27:12,447 INFO concluido: 2702
2023-04-20 21:27:12,448 INFO tentando: 2703
2023-04-20 21:27:41,760 INFO concluido: 2703
2023-04-20 21:27:41,760 INFO tentando: 2706
2023-04-20 21:28:11,734 INFO concluido: 2706
2023-04-20 21:28:11,735 INFO tentando: 2706
2023-04-20 21:29:09,262 INFO concluido: 2706
2023-04-20 21:29:09,263 INFO tentando: 2709
2023-04-20 21:29:50,200 INFO concluido: 2709
2023-04-20 21:29:50,201 INFO tentando: 2711
2023-04-20 21:30:25,292 INFO concluido: 2711
2023-04-20 21:30:25,293 INFO tentando: 2713
2023-04-20 21:31:24,678 INFO concluido: 2713
2023-04-20 21:31:24,679 INFO tentando: 2714
2023-04-20 21:32:11,251 INFO concluido: 2714
2023-04-20 21:32:11,253 INFO tentando: 2715
2023-04-20 21:32:44,438 INFO concluido: 2715
2023-04-20 21:32:47,224 INFO Arquivo será baixado: tabela 291 da base de dados do IBGE
2023-04-20 21:32:47,273 INFO tentando: 33247
2023-04-20 21:32:52,732 INFO concluido: 33247
2023-04-20 21:32:52,732 INFO tentando: 33250
2023-04-20 21:32:57,469 INFO concluido: 33250
2023-04-20 21:32:57,469 INFO tentando: 33253
2023-04-20 21:33:02,840 INFO concluido: 33253
2023-04-20 21:33:02,841 INFO tentando: 33256
2023-04-20 21:33:08,272 INFO concluido: 33256
2023-04-20 21:33:08,274 INFO tentando: 33258
2023-04-20 21:33:13,178 INFO concluido: 33258
2023-04-20 21:33:13,354 INFO Arquivo será baixado: tabela 3939 da base de dados do IBGE
2023-04-20 21:33:13,356 INFO tentando: 2670
2023-04-20 21:33:32,558 INFO concluido: 2670
2023-04-20 21:33:32,559 INFO tentando: 2675
2023-04-20 21:33:55,092 INFO concluido: 2675
2023-04-20 21:33:55,093 INFO tentando: 2672
2023-04-20 21:34:34,647 INFO concluido: 2672
2023-04-20 21:34:34,648 INFO tentando: 2681
2023-04-20 21:34:52,726 INFO concluido: 2681
2023-04-20 21:34:52,727 INFO tentando: 2677
2023-04-20 21:35:12,438 INFO concluido: 2677
2023-04-20 21:35:12,747 INFO Arquivo será baixado: tabela 1613 da base de dados do IBGE
2023-04-20 21:35:12,753 INFO tentando: 45981
2023-04-20 21:36:14,000 INFO concluido: 45981
2023-04-20 21:36:14,001 INFO tentando: 2720
2023-04-20 21:36:36,005 INFO concluido: 2720
2023-04-20 21:36:36,005 INFO tentando: 2721
2023-04-20 21:37:36,396 INFO concluido: 2721
2023-04-20 21:37:36,398 INFO tentando: 2722
2023-04-20 21:38:13,328 INFO concluido: 2722
2023-04-20 21:38:13,329 INFO tentando: 2723
2023-04-20 21:39:09,368 INFO concluido: 2723
2023-04-20 21:39:09,369 INFO tentando: 31619
2023-04-20 21:39:42,976 INFO concluido: 31619
2023-04-20 21:39:42,978 INFO tentando: 2725
2023-04-20 21:40:11,730 INFO concluido: 2725
2023-04-20 21:40:11,731 INFO tentando: 2727
2023-04-20 21:40:44,208 INFO concluido: 2727
2023-04-20 21:40:44,209 INFO tentando: 2731
2023-04-20 21:41:26,688 INFO concluido: 2731
2023-04-20 21:41:26,690 INFO tentando: 2733
2023-04-20 21:42:00,429 INFO concluido: 2733
2023-04-20 21:42:00,430 INFO tentando: 2734
2023-04-20 21:42:38,606 INFO concluido: 2734
2023-04-20 21:42:38,606 INFO tentando: 2736
2023-04-20 21:43:08,664 INFO concluido: 2736
2023-04-20 21:43:08,666 INFO tentando: 2738
2023-04-20 21:43:37,485 INFO concluido: 2738
2023-04-20 21:43:37,486 INFO tentando: 90001
2023-04-20 21:44:29,045 INFO concluido: 90001
2023-04-20 21:44:29,047 INFO tentando: 2743
2023-04-20 21:45:22,523 INFO concluido: 2743
2023-04-20 21:45:22,523 INFO tentando: 2745
2023-04-20 21:46:10,427 INFO concluido: 2745
2023-04-20 21:46:10,428 INFO tentando: 2747
2023-04-20 21:46:43,647 INFO concluido: 2747
2023-04-20 22:49:10,302 INFO Arquivo será baixado: tabela 1612 da base de dados do IBGE
2023-04-20 22:49:10,304 INFO tentando: 2688
2023-04-20 22:50:05,151 INFO concluido: 2688
2023-04-20 22:50:05,151 INFO tentando: 2691
2023-04-20 22:51:26,270 INFO concluido: 2691
2023-04-20 22:51:26,271 INFO tentando: 2692
2023-04-20 22:52:09,189 INFO concluido: 2692
2023-04-20 22:52:09,190 INFO tentando: 2694
2023-04-20 22:52:41,020 INFO concluido: 2694
2023-04-20 22:52:41,021 INFO tentando: 2696
2023-04-20 22:53:18,905 INFO concluido: 2696
2023-04-20 22:53:18,906 INFO tentando: 2697
2023-04-20 22:53:51,979 INFO concluido: 2697
2023-04-20 22:53:51,981 INFO tentando: 2702
2023-04-20 22:54:35,101 INFO concluido: 2702
2023-04-20 22:54:35,102 INFO tentando: 2703
2023-04-20 22:55:39,025 INFO concluido: 2703
2023-04-20 22:55:39,026 INFO tentando: 2706
2023-04-20 22:56:16,567 INFO concluido: 2706
2023-04-20 22:56:16,569 INFO tentando: 2706
2023-04-20 22:57:08,306 INFO concluido: 2706
2023-04-20 22:57:08,307 INFO tentando: 2709
2023-04-20 22:57:46,223 INFO concluido: 2709
2023-04-20 22:57:46,225 INFO tentando: 2711
2023-04-20 22:58:48,422 INFO concluido: 2711
2023-04-20 22:58:48,423 INFO tentando: 2713
2023-04-20 22:59:38,993 INFO concluido: 2713
2023-04-20 22:59:38,994 INFO tentando: 2714
2023-04-20 23:00:36,150 INFO concluido: 2714
2023-04-20 23:00:36,150 INFO tentando: 2715
2023-04-20 23:01:19,334 INFO concluido: 2715
2023-04-20 23:01:22,046 INFO Arquivo será baixado: tabela 291 da base de dados do IBGE
2023-04-20 23:01:22,097 INFO tentando: 33247
2023-04-20 23:01:27,275 INFO concluido: 33247
2023-04-20 23:01:27,276 INFO tentando: 33250
2023-04-20 23:01:33,560 INFO concluido: 33250
2023-04-20 23:01:33,561 INFO tentando: 33253
2023-04-20 23:01:38,855 INFO concluido: 33253
2023-04-20 23:01:38,856 INFO tentando: 33256
2023-04-20 23:01:44,109 INFO concluido: 33256
2023-04-20 23:01:44,109 INFO tentando: 33258
2023-04-20 23:01:49,013 INFO concluido: 33258
2023-04-20 23:01:49,176 INFO Arquivo será baixado: tabela 3939 da base de dados do IBGE
2023-04-20 23:01:49,178 INFO tentando: 2670
2023-04-20 23:02:12,059 INFO concluido: 2670
2023-04-20 23:02:12,061 INFO tentando: 2675
2023-04-20 23:02:26,683 INFO concluido: 2675
2023-04-20 23:02:26,684 INFO tentando: 2672
2023-04-20 23:02:41,342 INFO concluido: 2672
2023-04-20 23:02:41,343 INFO tentando: 2681
2023-04-20 23:03:12,231 INFO concluido: 2681
2023-04-20 23:03:12,231 INFO tentando: 2677
2023-04-20 23:03:35,046 INFO concluido: 2677
2023-04-20 23:03:35,320 INFO Arquivo será baixado: tabela 1613 da base de dados do IBGE
2023-04-20 23:03:35,326 INFO tentando: 45981
2023-04-20 23:05:08,632 INFO concluido: 45981
2023-04-20 23:05:08,634 INFO tentando: 2720
2023-04-20 23:06:43,919 INFO concluido: 2720
2023-04-20 23:06:43,922 INFO tentando: 2721
2023-04-20 23:08:19,907 INFO concluido: 2721
2023-04-20 23:08:19,908 INFO tentando: 2722
2023-04-20 23:09:07,739 INFO concluido: 2722
2023-04-20 23:09:07,741 INFO tentando: 2723
2023-04-20 23:10:21,777 INFO concluido: 2723
2023-04-20 23:10:21,779 INFO tentando: 31619
2023-04-20 23:10:56,053 INFO concluido: 31619
2023-04-20 23:10:56,054 INFO tentando: 2725
2023-04-20 23:11:46,973 INFO concluido: 2725
2023-04-20 23:11:46,974 INFO tentando: 2727
2023-04-20 23:12:11,392 INFO concluido: 2727
2023-04-20 23:12:11,394 INFO tentando: 2731
2023-04-20 23:12:52,934 INFO concluido: 2731
2023-04-20 23:12:52,935 INFO tentando: 2733
2023-04-20 23:13:45,331 INFO concluido: 2733
2023-04-20 23:13:45,332 INFO tentando: 2734
2023-04-20 23:14:32,306 INFO concluido: 2734
2023-04-20 23:14:32,307 INFO tentando: 2736
2023-04-20 23:15:26,349 INFO concluido: 2736
2023-04-20 23:15:26,350 INFO tentando: 2738
2023-04-20 23:16:44,811 INFO concluido: 2738
2023-04-20 23:16:44,813 INFO tentando: 90001
2023-04-20 23:17:53,354 INFO concluido: 90001
2023-04-20 23:17:53,356 INFO tentando: 2743
2023-04-20 23:18:30,696 INFO concluido: 2743
2023-04-20 23:18:30,697 INFO tentando: 2745
2023-04-20 23:19:14,339 INFO concluido: 2745
2023-04-20 23:19:14,340 INFO tentando: 2747
2023-04-20 23:20:07,397 INFO concluido: 2747
2023-04-20 23:23:33,777 INFO Arquivo será baixado: tabela 1612 da base de dados do IBGE
2023-04-20 23:23:33,778 INFO tentando: 2688
2023-04-20 23:24:30,289 INFO concluido: 2688
2023-04-20 23:24:30,290 INFO tentando: 2691
2023-04-20 23:25:27,049 INFO concluido: 2691
2023-04-20 23:25:27,050 INFO tentando: 2692
2023-04-20 23:27:07,905 INFO concluido: 2692
2023-04-20 23:27:07,905 INFO tentando: 2694
2023-04-20 23:28:20,159 INFO concluido: 2694
2023-04-20 23:28:20,160 INFO tentando: 2696
2023-04-20 23:29:35,369 INFO concluido: 2696
2023-04-20 23:29:35,369 INFO tentando: 2697
2023-04-20 23:31:11,298 INFO concluido: 2697
2023-04-20 23:31:11,299 INFO tentando: 2702
2023-04-20 23:32:14,556 INFO concluido: 2702
2023-04-20 23:32:14,557 INFO tentando: 2703
2023-04-20 23:33:24,928 INFO concluido: 2703
2023-04-20 23:33:24,929 INFO tentando: 2706
2023-04-20 23:34:48,740 INFO concluido: 2706
2023-04-20 23:34:48,742 INFO tentando: 2706
2023-04-20 23:36:02,936 INFO concluido: 2706
2023-04-20 23:36:02,938 INFO tentando: 2709
2023-04-20 23:37:21,388 INFO concluido: 2709
2023-04-20 23:37:21,390 INFO tentando: 2711
2023-04-20 23:38:33,345 INFO concluido: 2711
2023-04-20 23:38:33,346 INFO tentando: 2713
2023-04-20 23:39:42,701 INFO concluido: 2713
2023-04-20 23:39:42,702 INFO tentando: 2714
2023-04-20 23:40:55,808 INFO concluido: 2714
2023-04-20 23:40:55,810 INFO tentando: 2715
2023-04-20 23:42:17,429 INFO concluido: 2715
2023-04-20 23:42:20,705 INFO Arquivo será baixado: tabela 291 da base de dados do IBGE
2023-04-20 23:42:20,748 INFO tentando: 33247
2023-04-20 23:42:25,399 INFO concluido: 33247
2023-04-20 23:42:25,400 INFO tentando: 33250
2023-04-20 23:42:31,717 INFO concluido: 33250
2023-04-20 23:42:31,718 INFO tentando: 33253
2023-04-20 23:42:39,550 INFO concluido: 33253
2023-04-20 23:42:39,551 INFO tentando: 33256
2023-04-20 23:42:46,171 INFO concluido: 33256
2023-04-20 23:42:46,171 INFO tentando: 33258
2023-04-20 23:42:53,188 INFO concluido: 33258
2023-04-20 23:42:53,347 INFO Arquivo será baixado: tabela 3939 da base de dados do IBGE
2023-04-20 23:42:53,349 INFO tentando: 2670
2023-04-20 23:43:25,074 INFO concluido: 2670
2023-04-20 23:43:25,075 INFO tentando: 2675
2023-04-20 23:43:54,449 INFO concluido: 2675
2023-04-20 23:43:54,450 INFO tentando: 2672
2023-04-20 23:44:27,254 INFO concluido: 2672
2023-04-20 23:44:27,255 INFO tentando: 2681
2023-04-20 23:45:02,861 INFO concluido: 2681
2023-04-20 23:45:02,862 INFO tentando: 2677
2023-04-20 23:45:24,530 INFO concluido: 2677
2023-04-20 23:45:25,025 INFO Arquivo será baixado: tabela 1613 da base de dados do IBGE
2023-04-20 23:45:25,041 INFO tentando: 45981
2023-04-20 23:46:36,672 INFO concluido: 45981
2023-04-20 23:46:36,673 INFO tentando: 2720
2023-04-20 23:48:26,443 INFO concluido: 2720
2023-04-20 23:48:26,444 INFO tentando: 2721
2023-04-20 23:49:46,182 INFO concluido: 2721
2023-04-20 23:49:46,183 INFO tentando: 2722
2023-04-20 23:51:24,513 INFO concluido: 2722
2023-04-20 23:51:24,514 INFO tentando: 2723
2023-04-20 23:52:28,519 INFO concluido: 2723
2023-04-20 23:52:28,520 INFO tentando: 31619
2023-04-20 23:53:38,881 INFO concluido: 31619
2023-04-20 23:53:38,883 INFO tentando: 2725
2023-04-20 23:54:37,497 INFO concluido: 2725
2023-04-20 23:54:37,498 INFO tentando: 2727
2023-04-20 23:56:31,537 INFO concluido: 2727
2023-04-20 23:56:31,539 INFO tentando: 2731
2023-04-20 23:57:38,026 INFO concluido: 2731
2023-04-20 23:57:38,027 INFO tentando: 2733
2023-04-20 23:59:06,718 INFO concluido: 2733
2023-04-20 23:59:06,719 INFO tentando: 2734
2023-04-21 00:00:36,096 INFO concluido: 2734
2023-04-21 00:00:36,097 INFO tentando: 2736
2023-04-21 00:01:56,002 INFO concluido: 2736
2023-04-21 00:01:56,004 INFO tentando: 2738
2023-04-21 00:03:04,275 INFO concluido: 2738
2023-04-21 00:03:04,277 INFO tentando: 90001
2023-04-21 00:04:31,640 INFO concluido: 90001
2023-04-21 00:04:31,642 INFO tentando: 2743
2023-04-21 00:05:14,506 INFO concluido: 2743
2023-04-21 00:05:14,507 INFO tentando: 2745
2023-04-21 00:07:07,898 INFO concluido: 2745
2023-04-21 00:07:07,899 INFO tentando: 2747
2023-04-21 00:08:35,668 INFO concluido: 2747
