2023-04-26 17:42:28,164 INFO NumExpr defaulting to 2 threads.
2023-04-26 18:11:06,402 INFO Extração de dados do mapbiomas concluído
2023-04-26 18:11:09,844 INFO Downloads de dados de divisão regional concluído
2023-04-26 18:13:44,202 INFO Extração de dados do mapbiomas concluído
2023-04-26 18:13:48,078 INFO Downloads de dados de divisão regional concluído
2023-04-26 18:17:45,501 INFO Extração de dados do mapbiomas concluído
2023-04-26 18:17:49,259 INFO Downloads de dados de divisão regional concluído
2023-04-26 18:17:49,694 INFO Arquivo será baixado: tabela 1612 da base de dados do IBGE
2023-04-26 18:17:49,695 INFO tentando: 2688
2023-04-26 18:18:54,261 INFO concluido: 2688
2023-04-26 18:18:54,263 INFO tentando: 2691
2023-04-26 18:20:16,071 INFO concluido: 2691
2023-04-26 18:20:16,073 INFO tentando: 2692
2023-04-26 18:21:09,447 INFO concluido: 2692
2023-04-26 18:21:09,448 INFO tentando: 2694
2023-04-26 18:21:58,186 INFO concluido: 2694
2023-04-26 18:21:58,186 INFO tentando: 2696
2023-04-26 18:23:00,626 INFO concluido: 2696
2023-04-26 18:23:00,627 INFO tentando: 2697
2023-04-26 18:24:00,545 INFO concluido: 2697
2023-04-26 18:24:00,546 INFO tentando: 2702
2023-04-26 18:25:02,332 INFO concluido: 2702
2023-04-26 18:25:02,334 INFO tentando: 2703
2023-04-26 18:25:47,448 INFO concluido: 2703
2023-04-26 18:25:47,449 INFO tentando: 2706
2023-04-26 18:26:43,289 INFO concluido: 2706
2023-04-26 18:26:43,291 INFO tentando: 2706
2023-04-26 18:27:17,651 INFO concluido: 2706
2023-04-26 18:27:17,653 INFO tentando: 2709
2023-04-26 18:28:00,806 INFO concluido: 2709
2023-04-26 18:28:00,806 INFO tentando: 2711
2023-04-26 18:28:50,427 INFO concluido: 2711
2023-04-26 18:28:50,428 INFO tentando: 2713
2023-04-26 18:29:41,313 INFO concluido: 2713
2023-04-26 18:29:41,314 INFO tentando: 2714
2023-04-26 18:30:44,241 INFO concluido: 2714
2023-04-26 18:30:44,242 INFO tentando: 2715
2023-04-26 18:31:33,884 INFO concluido: 2715
2023-04-26 18:31:34,619 INFO Arquivo será baixado: tabela 291 da base de dados do IBGE
2023-04-26 18:31:34,651 INFO tentando: 33247
2023-04-26 18:31:41,666 INFO concluido: 33247
2023-04-26 18:31:41,667 INFO tentando: 33250
2023-04-26 18:31:48,217 INFO concluido: 33250
2023-04-26 18:31:48,218 INFO tentando: 33253
2023-04-26 18:31:53,779 INFO concluido: 33253
2023-04-26 18:31:53,780 INFO tentando: 33256
2023-04-26 18:31:59,261 INFO concluido: 33256
2023-04-26 18:31:59,263 INFO tentando: 33258
2023-04-26 18:32:04,386 INFO concluido: 33258
2023-04-26 18:32:04,562 INFO Arquivo será baixado: tabela 3939 da base de dados do IBGE
2023-04-26 18:32:04,564 INFO tentando: 2670
2023-04-26 18:32:48,038 INFO concluido: 2670
2023-04-26 18:32:48,039 INFO tentando: 2675
2023-04-26 18:33:16,669 INFO concluido: 2675
2023-04-26 18:33:16,670 INFO tentando: 2672
2023-04-26 18:33:35,266 INFO concluido: 2672
2023-04-26 18:33:35,267 INFO tentando: 2681
2023-04-26 18:33:49,051 INFO concluido: 2681
2023-04-26 18:33:49,052 INFO tentando: 2677
2023-04-26 18:34:09,160 INFO concluido: 2677
2023-04-26 18:34:09,244 INFO Arquivo será baixado: tabela 1613 da base de dados do IBGE
2023-04-26 18:34:09,248 INFO tentando: 45981
2023-04-26 18:35:37,287 INFO concluido: 45981
2023-04-26 18:35:37,288 INFO tentando: 2720
2023-04-26 18:36:36,697 INFO concluido: 2720
2023-04-26 18:36:36,698 INFO tentando: 2721
2023-04-26 18:37:16,468 INFO concluido: 2721
2023-04-26 18:37:16,470 INFO tentando: 2722
2023-04-26 18:38:17,007 INFO concluido: 2722
2023-04-26 18:38:17,008 INFO tentando: 2723
2023-04-26 18:39:05,735 INFO concluido: 2723
2023-04-26 18:39:05,736 INFO tentando: 31619
2023-04-26 18:39:52,280 INFO concluido: 31619
2023-04-26 18:39:52,281 INFO tentando: 2725
2023-04-26 18:40:39,267 INFO concluido: 2725
2023-04-26 18:40:39,267 INFO tentando: 2727
2023-04-26 18:42:06,593 INFO concluido: 2727
2023-04-26 18:42:06,594 INFO tentando: 2731
2023-04-26 18:42:51,459 INFO concluido: 2731
2023-04-26 18:42:51,460 INFO tentando: 2733
2023-04-26 18:43:42,256 INFO concluido: 2733
2023-04-26 18:43:42,257 INFO tentando: 2734
2023-04-26 18:44:16,648 INFO concluido: 2734
2023-04-26 18:44:16,649 INFO tentando: 2736
2023-04-26 18:45:18,165 INFO concluido: 2736
2023-04-26 18:45:18,165 INFO tentando: 2738
2023-04-26 18:46:10,531 INFO concluido: 2738
2023-04-26 18:46:10,532 INFO tentando: 90001
2023-04-26 18:46:50,719 INFO concluido: 90001
2023-04-26 18:46:50,727 INFO tentando: 2743
2023-04-26 18:47:28,967 INFO concluido: 2743
2023-04-26 18:47:28,969 INFO tentando: 2745
2023-04-26 18:48:12,587 INFO concluido: 2745
2023-04-26 18:48:12,587 INFO tentando: 2747
2023-04-26 18:48:52,164 INFO concluido: 2747
2023-04-26 18:58:49,046 INFO Extração de dados do mapbiomas concluído
2023-04-26 18:58:53,045 INFO Downloads de dados de divisão regional concluído
2023-04-26 18:58:53,451 INFO Arquivo será baixado: tabela 1612 da base de dados do IBGE
2023-04-26 18:58:53,451 INFO tentando: 2688
2023-04-26 19:00:24,639 INFO concluido: 2688
2023-04-26 19:00:24,639 INFO tentando: 2691
2023-04-26 19:02:04,249 INFO concluido: 2691
2023-04-26 19:02:04,251 INFO tentando: 2692
2023-04-26 19:03:24,334 INFO concluido: 2692
2023-04-26 19:03:24,336 INFO tentando: 2694
2023-04-26 19:04:08,805 INFO concluido: 2694
2023-04-26 19:04:08,806 INFO tentando: 2696
2023-04-26 19:04:55,037 INFO concluido: 2696
2023-04-26 19:04:55,039 INFO tentando: 2697
2023-04-26 19:05:47,601 INFO concluido: 2697
2023-04-26 19:05:47,602 INFO tentando: 2702
2023-04-26 19:06:49,011 INFO concluido: 2702
2023-04-26 19:06:49,012 INFO tentando: 2703
2023-04-26 19:07:46,268 INFO concluido: 2703
2023-04-26 19:07:46,269 INFO tentando: 2706
2023-04-26 19:08:32,874 INFO concluido: 2706
2023-04-26 19:08:32,876 INFO tentando: 2706
2023-04-26 19:09:15,581 INFO concluido: 2706
2023-04-26 19:09:15,582 INFO tentando: 2709
2023-04-26 19:09:42,607 INFO concluido: 2709
2023-04-26 19:09:42,609 INFO tentando: 2711
2023-04-26 19:10:54,409 INFO concluido: 2711
2023-04-26 19:10:54,410 INFO tentando: 2713
2023-04-26 19:11:34,097 INFO concluido: 2713
2023-04-26 19:11:34,098 INFO tentando: 2714
2023-04-26 19:12:17,895 INFO concluido: 2714
2023-04-26 19:12:17,896 INFO tentando: 2715
2023-04-26 19:13:18,760 INFO concluido: 2715
2023-04-26 19:13:19,372 INFO Arquivo será baixado: tabela 291 da base de dados do IBGE
2023-04-26 19:13:19,407 INFO tentando: 33247
2023-04-26 19:13:25,210 INFO concluido: 33247
2023-04-26 19:13:25,211 INFO tentando: 33250
2023-04-26 19:13:30,412 INFO concluido: 33250
2023-04-26 19:13:30,412 INFO tentando: 33253
2023-04-26 19:13:36,364 INFO concluido: 33253
2023-04-26 19:13:36,366 INFO tentando: 33256
2023-04-26 19:13:41,492 INFO concluido: 33256
2023-04-26 19:13:41,493 INFO tentando: 33258
2023-04-26 19:13:46,478 INFO concluido: 33258
2023-04-26 19:13:46,682 INFO Arquivo será baixado: tabela 3939 da base de dados do IBGE
2023-04-26 19:13:46,684 INFO tentando: 2670
2023-04-26 19:14:20,988 INFO concluido: 2670
2023-04-26 19:14:20,989 INFO tentando: 2675
2023-04-26 19:14:39,030 INFO concluido: 2675
2023-04-26 19:14:39,031 INFO tentando: 2672
2023-04-26 19:15:01,075 INFO concluido: 2672
2023-04-26 19:15:01,076 INFO tentando: 2681
2023-04-26 19:15:15,092 INFO concluido: 2681
2023-04-26 19:15:15,093 INFO tentando: 2677
2023-04-26 19:15:53,957 INFO concluido: 2677
2023-04-26 19:15:54,052 INFO Arquivo será baixado: tabela 1613 da base de dados do IBGE
2023-04-26 19:15:54,056 INFO tentando: 45981
2023-04-26 19:16:48,890 INFO concluido: 45981
2023-04-26 19:16:48,891 INFO tentando: 2720
2023-04-26 19:17:33,728 INFO concluido: 2720
2023-04-26 19:17:33,729 INFO tentando: 2721
2023-04-26 19:18:17,904 INFO concluido: 2721
2023-04-26 19:18:17,905 INFO tentando: 2722
2023-04-26 19:19:18,191 INFO concluido: 2722
2023-04-26 19:19:18,192 INFO tentando: 2723
2023-04-26 19:20:26,156 INFO concluido: 2723
2023-04-26 19:20:26,157 INFO tentando: 31619
2023-04-26 19:21:04,659 INFO concluido: 31619
2023-04-26 19:21:04,662 INFO tentando: 2725
2023-04-26 19:22:35,646 INFO concluido: 2725
2023-04-26 19:22:35,647 INFO tentando: 2727
2023-04-26 19:23:40,983 INFO concluido: 2727
2023-04-26 19:23:40,985 INFO tentando: 2731
2023-04-26 19:24:43,786 INFO concluido: 2731
2023-04-26 19:24:43,787 INFO tentando: 2733
2023-04-26 19:25:37,137 INFO concluido: 2733
2023-04-26 19:25:37,138 INFO tentando: 2734
2023-04-26 19:26:31,612 INFO concluido: 2734
2023-04-26 19:26:31,613 INFO tentando: 2736
2023-04-26 19:27:10,524 INFO concluido: 2736
2023-04-26 19:27:10,525 INFO tentando: 2738
2023-04-26 19:28:05,204 INFO concluido: 2738
2023-04-26 19:28:05,205 INFO tentando: 90001
2023-04-26 19:29:10,812 INFO concluido: 90001
2023-04-26 19:29:10,813 INFO tentando: 2743
2023-04-26 19:29:44,628 INFO concluido: 2743
2023-04-26 19:29:44,630 INFO tentando: 2745
2023-04-26 19:31:17,472 INFO concluido: 2745
2023-04-26 19:31:17,474 INFO tentando: 2747
2023-04-26 19:32:25,035 INFO concluido: 2747
2023-04-26 21:38:18,359 INFO Extração de dados do mapbiomas concluído
